\BOOKMARK [1][-]{section.1}{\376\377\000I\000n\000t\000r\000o\000d\000u\000c\000t\000i\000o\000n}{}% 1
\BOOKMARK [1][-]{section.2}{\376\377\000I\000n\000v\000e\000s\000t\000i\000g\000a\000t\000i\000o\000n\000s}{}% 2
\BOOKMARK [2][-]{subsection.2.1}{\376\377\000T\000h\000e\000r\000m\000a\000l\000\040\000m\000e\000a\000s\000u\000r\000e\000m\000e\000n\000t\000\040\000o\000f\000\040\000g\000e\000l\000l\000i\000n\000g\000\040\000p\000o\000i\000n\000t\000\040\000\050\000S\0001\000\051}{section.2}% 3
\BOOKMARK [3][-]{subsubsection.2.1.1}{\376\377\000I\000n\000t\000r\000o\000d\000u\000c\000t\000i\000o\000n}{subsection.2.1}% 4
\BOOKMARK [3][-]{subsubsection.2.1.2}{\376\377\000R\000e\000s\000u\000l\000t\000s}{subsection.2.1}% 5
\BOOKMARK [3][-]{subsubsection.2.1.3}{\376\377\000L\000i\000m\000i\000t\000a\000t\000i\000o\000n\000s}{subsection.2.1}% 6
\BOOKMARK [2][-]{subsection.2.2}{\376\377\000O\000p\000t\000i\000c\000a\000l\000\040\000m\000e\000a\000s\000u\000r\000e\000m\000e\000n\000t\000\040\000o\000f\000\040\000g\000e\000l\000l\000i\000n\000g\000\040\000p\000o\000i\000n\000t\000\040\000\050\000S\0002\000\051}{section.2}% 7
\BOOKMARK [3][-]{subsubsection.2.2.1}{\376\377\000I\000n\000t\000r\000o\000d\000u\000c\000t\000i\000o\000n}{subsection.2.2}% 8
\BOOKMARK [3][-]{subsubsection.2.2.2}{\376\377\000R\000e\000s\000u\000l\000t\000s}{subsection.2.2}% 9
\BOOKMARK [3][-]{subsubsection.2.2.3}{\376\377\000L\000i\000m\000i\000t\000a\000t\000i\000o\000n\000s}{subsection.2.2}% 10
\BOOKMARK [2][-]{subsection.2.3}{\376\377\000M\000e\000c\000h\000a\000n\000i\000c\000a\000l\000\040\000m\000e\000a\000s\000u\000r\000e\000m\000e\000n\000t\000s\000\040\000\050\000S\0003\000\051}{section.2}% 11
\BOOKMARK [3][-]{subsubsection.2.3.1}{\376\377\000I\000n\000t\000r\000o\000d\000u\000c\000t\000i\000o\000n}{subsection.2.3}% 12
\BOOKMARK [3][-]{subsubsection.2.3.2}{\376\377\000P\000l\000o\000t\000s\000\040\000a\000n\000d\000\040\000r\000e\000g\000r\000e\000s\000s\000i\000o\000n\000\040\000a\000n\000a\000l\000y\000s\000e\000s}{subsection.2.3}% 13
\BOOKMARK [3][-]{subsubsection.2.3.3}{\376\377\000R\000e\000s\000u\000l\000t\000s}{subsection.2.3}% 14
\BOOKMARK [3][-]{subsubsection.2.3.4}{\376\377\000L\000i\000m\000i\000t\000a\000t\000i\000o\000n\000s}{subsection.2.3}% 15
\BOOKMARK [2][-]{subsection.2.4}{\376\377\000S\000w\000e\000l\000l\000i\000n\000g\000\040\000m\000e\000a\000s\000u\000r\000e\000m\000e\000n\000t\000s\000\040\000\050\000S\0004\000\051}{section.2}% 16
\BOOKMARK [3][-]{subsubsection.2.4.1}{\376\377\000I\000n\000t\000r\000o\000d\000u\000c\000t\000i\000o\000n}{subsection.2.4}% 17
\BOOKMARK [3][-]{subsubsection.2.4.2}{\376\377\000T\000h\000e\000\040\000i\000m\000m\000e\000r\000s\000e\000d\000\040\000h\000y\000d\000r\000o\000g\000e\000l}{subsection.2.4}% 18
\BOOKMARK [3][-]{subsubsection.2.4.3}{\376\377\000R\000e\000s\000u\000l\000t\000s}{subsection.2.4}% 19
\BOOKMARK [3][-]{subsubsection.2.4.4}{\376\377\000L\000i\000m\000i\000t\000a\000t\000i\000o\000n\000s}{subsection.2.4}% 20
\BOOKMARK [2][-]{subsection.2.5}{\376\377\000D\000i\000s\000c\000u\000s\000s\000i\000o\000n}{section.2}% 21
\BOOKMARK [1][-]{section.3}{\376\377\000C\000o\000n\000c\000l\000u\000s\000i\000o\000n}{}% 22
